This is pdfTeX, Version 3.14159265-2.6-1.40.15 (TeX Live 2014) (preloaded format=latex 2014.5.25)  4 MAR 2015 16:05
entering extended mode
 restricted \write18 enabled.
 %&-line parsing enabled.
**Makefile.tex
(./Makefile.tex
LaTeX2e <2014/05/01>
Babel <3.9k> and hyphenation patterns for 78 languages loaded.
! You can't use `macro parameter character #' in vertical mode.
l.1 #
      Makefile for latex documents by Darren Atkinson (datkinson@scu.edu):
? 
! Emergency stop.
l.1 #
      Makefile for latex documents by Darren Atkinson (datkinson@scu.edu):
End of file on the terminal!

 
Here is how much of TeX's memory you used:
 5 strings out of 493118
 131 string characters out of 6135459
 52906 words of memory out of 5000000
 3568 multiletter control sequences out of 15000+600000
 3640 words of font info for 14 fonts, out of 8000000 for 9000
 1141 hyphenation exceptions out of 8191
 5i,0n,1p,85b,8s stack positions out of 5000i,500n,10000p,200000b,80000s
No pages of output.
